Using pre-set license
Built from '2021.3/staging' branch; Version is '2021.3.8f1 (b30333d56e81) revision 11731763'; Using compiler version '192829333'; Build Type 'Release'
OS: 'Windows 11  (10.0.22000) 64bit Professional' Language: 'en' Physical Memory: 16334 MB
BatchMode: 1, IsHumanControllingUs: 0, StartBugReporterOnCrash: 0, Is64bit: 1, IsPro: 1

COMMAND LINE ARGUMENTS:
C:\Program Files\Unity\Hub\Editor\2021.3.8f1\Editor\Unity.exe
-adb2
-batchMode
-noUpm
-name
AssetImportWorker0
-projectPath
C:/Users/djd18/Desktop/OldTwinStickShooter/QuommitersTwinStickShooter
-logFile
Logs/AssetImportWorker0.log
-srvPort
58951
Successfully changed project path to: C:/Users/djd18/Desktop/OldTwinStickShooter/QuommitersTwinStickShooter
C:/Users/djd18/Desktop/OldTwinStickShooter/QuommitersTwinStickShooter
[UnityMemory] Configuration Parameters - Can be set up in boot.config
    "memorysetup-bucket-allocator-granularity=16"
    "memorysetup-bucket-allocator-bucket-count=8"
    "memorysetup-bucket-allocator-block-size=33554432"
    "memorysetup-bucket-allocator-block-count=8"
    "memorysetup-main-allocator-block-size=16777216"
    "memorysetup-thread-allocator-block-size=16777216"
    "memorysetup-gfx-main-allocator-block-size=16777216"
    "memorysetup-gfx-thread-allocator-block-size=16777216"
    "memorysetup-cache-allocator-block-size=4194304"
    "memorysetup-typetree-allocator-block-size=2097152"
    "memorysetup-profiler-bucket-allocator-granularity=16"
    "memorysetup-profiler-bucket-allocator-bucket-count=8"
    "memorysetup-profiler-bucket-allocator-block-size=33554432"
    "memorysetup-profiler-bucket-allocator-block-count=8"
    "memorysetup-profiler-allocator-block-size=16777216"
    "memorysetup-profiler-editor-allocator-block-size=1048576"
    "memorysetup-temp-allocator-size-main=16777216"
    "memorysetup-job-temp-allocator-block-size=2097152"
    "memorysetup-job-temp-allocator-block-size-background=1048576"
    "memorysetup-job-temp-allocator-reduction-small-platforms=262144"
    "memorysetup-temp-allocator-size-background-worker=32768"
    "memorysetup-temp-allocator-size-job-worker=262144"
    "memorysetup-temp-allocator-size-preload-manager=33554432"
    "memorysetup-temp-allocator-size-nav-mesh-worker=65536"
    "memorysetup-temp-allocator-size-audio-worker=65536"
    "memorysetup-temp-allocator-size-cloud-worker=32768"
    "memorysetup-temp-allocator-size-gi-baking-worker=262144"
    "memorysetup-temp-allocator-size-gfx=262144"
Refreshing native plugins compatible for Editor in 52.97 ms, found 3 plugins.
Preloading 0 native plugins for Editor in 0.00 ms.
Initialize engine version: 2021.3.8f1 (b30333d56e81)
[Subsystems] Discovering subsystems at path C:/Program Files/Unity/Hub/Editor/2021.3.8f1/Editor/Data/Resources/UnitySubsystems
[Subsystems] Discovering subsystems at path C:/Users/djd18/Desktop/OldTwinStickShooter/QuommitersTwinStickShooter/Assets
GfxDevice: creating device client; threaded=0; jobified=0
Direct3D:
    Version:  Direct3D 11.0 [level 11.1]
    Renderer: Radeon RX Vega (ID=0x687f)
    Vendor:   ATI
    VRAM:     8120 MB
    Driver:   30.0.13023.4001
Initialize mono
Mono path[0] = 'C:/Program Files/Unity/Hub/Editor/2021.3.8f1/Editor/Data/Managed'
Mono path[1] = 'C:/Program Files/Unity/Hub/Editor/2021.3.8f1/Editor/Data/MonoBleedingEdge/lib/mono/unityjit-win32'
Mono config path = 'C:/Program Files/Unity/Hub/Editor/2021.3.8f1/Editor/Data/MonoBleedingEdge/etc'
Using monoOptions --debugger-agent=transport=dt_socket,embedding=1,server=y,suspend=n,address=127.0.0.1:56112
Begin MonoManager ReloadAssembly
Registering precompiled unity dll's ...
Register platform support module: C:/Program Files/Unity/Hub/Editor/2021.3.8f1/Editor/Data/PlaybackEngines/WebGLSupport/UnityEditor.WebGL.Extensions.dll
Register platform support module: C:/Program Files/Unity/Hub/Editor/2021.3.8f1/Editor/Data/PlaybackEngines/WindowsStandaloneSupport/UnityEditor.WindowsStandalone.Extensions.dll
Register platform support module: C:/Program Files/Unity/Hub/Editor/2021.3.8f1/Editor/Data/PlaybackEngines/MetroSupport/UnityEditor.UWP.Extensions.dll
Registered in 0.007966 seconds.
Native extension for UWP target not found
Native extension for WindowsStandalone target not found
Native extension for WebGL target not found
Refreshing native plugins compatible for Editor in 53.85 ms, found 3 plugins.
Preloading 0 native plugins for Editor in 0.00 ms.
Mono: successfully reloaded assembly
- Completed reload, in  0.758 seconds
Domain Reload Profiling:
	ReloadAssembly (759ms)
		BeginReloadAssembly (83ms)
			ExecutionOrderSort (0ms)
			DisableScriptedObjects (0ms)
			BackupInstance (0ms)
			ReleaseScriptingObjects (0ms)
			CreateAndSetChildDomain (1ms)
		EndReloadAssembly (536ms)
			LoadAssemblies (81ms)
			RebuildTransferFunctionScriptingTraits (0ms)
			SetupTypeCache (132ms)
			ReleaseScriptCaches (0ms)
			RebuildScriptCaches (34ms)
			SetupLoadedEditorAssemblies (306ms)
				LogAssemblyErrors (0ms)
				InitializePlatformSupportModulesInManaged (12ms)
				SetLoadedEditorAssemblies (0ms)
				RefreshPlugins (54ms)
				BeforeProcessingInitializeOnLoad (2ms)
				ProcessInitializeOnLoadAttributes (180ms)
				ProcessInitializeOnLoadMethodAttributes (59ms)
				AfterProcessingInitializeOnLoad (0ms)
				EditorAssembliesLoaded (0ms)
			ExecutionOrderSort2 (0ms)
			AwakeInstancesAfterBackupRestoration (0ms)
Platform modules already initialized, skipping
Registering precompiled user dll's ...
Registered in 0.006988 seconds.
Begin MonoManager ReloadAssembly
Native extension for UWP target not found
Native extension for WindowsStandalone target not found
Native extension for WebGL target not found
Refreshing native plugins compatible for Editor in 50.26 ms, found 3 plugins.
Preloading 0 native plugins for Editor in 0.00 ms.
Mono: successfully reloaded assembly
- Completed reload, in  1.199 seconds
Domain Reload Profiling:
	ReloadAssembly (1200ms)
		BeginReloadAssembly (129ms)
			ExecutionOrderSort (0ms)
			DisableScriptedObjects (8ms)
			BackupInstance (0ms)
			ReleaseScriptingObjects (0ms)
			CreateAndSetChildDomain (22ms)
		EndReloadAssembly (926ms)
			LoadAssemblies (89ms)
			RebuildTransferFunctionScriptingTraits (0ms)
			SetupTypeCache (237ms)
			ReleaseScriptCaches (1ms)
			RebuildScriptCaches (61ms)
			SetupLoadedEditorAssemblies (474ms)
				LogAssemblyErrors (0ms)
				InitializePlatformSupportModulesInManaged (8ms)
				SetLoadedEditorAssemblies (0ms)
				RefreshPlugins (50ms)
				BeforeProcessingInitializeOnLoad (84ms)
				ProcessInitializeOnLoadAttributes (266ms)
				ProcessInitializeOnLoadMethodAttributes (57ms)
				AfterProcessingInitializeOnLoad (9ms)
				EditorAssembliesLoaded (0ms)
			ExecutionOrderSort2 (0ms)
			AwakeInstancesAfterBackupRestoration (7ms)
Platform modules already initialized, skipping
========================================================================
Worker process is ready to serve import requests
Launched and connected shader compiler UnityShaderCompiler.exe after 0.11 seconds
Refreshing native plugins compatible for Editor in 0.75 ms, found 3 plugins.
Preloading 0 native plugins for Editor in 0.00 ms.
Unloading 2450 Unused Serialized files (Serialized files now loaded: 0)
Unloading 32 unused Assets / (55.6 KB). Loaded Objects now: 2913.
Memory consumption went from 181.5 MB to 181.5 MB.
Total: 4.229900 ms (FindLiveObjects: 0.278600 ms CreateObjectMapping: 0.083200 ms MarkObjects: 3.766300 ms  DeleteObjects: 0.100200 ms)

AssetImportParameters requested are different than current active one (requested -> active):
  custom:video-decoder-ogg-theora: a1e56fd34408186e4bbccfd4996cb3dc -> 
  custom:container-muxer-webm: aa71ff27fc2769a1b78a27578f13a17b -> 
  custom:container-demuxer-webm: 4f35f7cbe854078d1ac9338744f61a02 -> 
  custom:video-encoder-webm-vp8: eb34c28f22e8b96e1ab97ce403110664 -> 
  custom:audio-encoder-webm-vorbis: bf7c407c2cedff20999df2af8eb42d56 -> 
  custom:framework-win-MediaFoundation: 216162199b28c13a410421893ffa2e32 -> 
  custom:container-demuxer-ogg: 62fdf1f143b41e24485cea50d1cbac27 -> 
  custom:video-decoder-webm-vp8: 9c59270c3fd7afecdb556c50c9e8de78 -> 
  custom:audio-decoder-ogg-vorbis: bf7c407c2cedff20999df2af8eb42d56 -> 
========================================================================
Received Import Request.
  Time since last request: 261272.191284 seconds.
  path: Assets/Scripts/CircleSpawner.cs
  artifactKey: Guid(ddea71c944cf49b40af61c8c02765f44) Importer(815301076,1909f56bfc062723c751e8b465ee728b)
Start importing Assets/Scripts/CircleSpawner.cs using Guid(ddea71c944cf49b40af61c8c02765f44) Importer(815301076,1909f56bfc062723c751e8b465ee728b)  -> (artifact id: '706d2bc55b488fca114a6576a49c2b14') in 0.038528 seconds 
========================================================================
Received Import Request.
  Time since last request: 6.359700 seconds.
  path: Assets/Scripts/clamper.cs
  artifactKey: Guid(f36c798d7df1355469003ac323ad6855) Importer(815301076,1909f56bfc062723c751e8b465ee728b)
Start importing Assets/Scripts/clamper.cs using Guid(f36c798d7df1355469003ac323ad6855) Importer(815301076,1909f56bfc062723c751e8b465ee728b)  -> (artifact id: '3dfba3e4ab99c3811d17d55ebbfe249a') in 0.007938 seconds 
========================================================================
Received Import Request.
  Time since last request: 13.589886 seconds.
  path: Assets/Scripts/dodah.cs
  artifactKey: Guid(cd93e3a63ebf4bc4682b77ced897473a) Importer(815301076,1909f56bfc062723c751e8b465ee728b)
Start importing Assets/Scripts/dodah.cs using Guid(cd93e3a63ebf4bc4682b77ced897473a) Importer(815301076,1909f56bfc062723c751e8b465ee728b)  -> (artifact id: 'a02e1208e598d291599a297d0fe6841b') in 0.007896 seconds 
========================================================================
Received Import Request.
  Time since last request: 5.767302 seconds.
  path: Assets/Scripts/EnemyAdvance.cs
  artifactKey: Guid(7772f2f58b62f9d4aab470ef654691d4) Importer(815301076,1909f56bfc062723c751e8b465ee728b)
Start importing Assets/Scripts/EnemyAdvance.cs using Guid(7772f2f58b62f9d4aab470ef654691d4) Importer(815301076,1909f56bfc062723c751e8b465ee728b)  -> (artifact id: '45c6c4af2c8073bac3fe4bbea0000a77') in 0.007408 seconds 
========================================================================
Received Import Request.
  Time since last request: 24.048951 seconds.
  path: Assets/Scripts/EnemyAimer.cs
  artifactKey: Guid(f409425ab9cc6ee458d790cf8e85c514) Importer(815301076,1909f56bfc062723c751e8b465ee728b)
Start importing Assets/Scripts/EnemyAimer.cs using Guid(f409425ab9cc6ee458d790cf8e85c514) Importer(815301076,1909f56bfc062723c751e8b465ee728b)  -> (artifact id: '60f627f67649acd254f4bd79128ad43f') in 0.008961 seconds 
========================================================================
Received Import Request.
  Time since last request: 16.646247 seconds.
  path: Assets/Scripts/EnemyHitter.cs
  artifactKey: Guid(290ca2e9e4186e547a5cff9a11c7b96b) Importer(815301076,1909f56bfc062723c751e8b465ee728b)
Start importing Assets/Scripts/EnemyHitter.cs using Guid(290ca2e9e4186e547a5cff9a11c7b96b) Importer(815301076,1909f56bfc062723c751e8b465ee728b)  -> (artifact id: '3d4ff789d5114f656d5f8c3eb28f5955') in 0.006935 seconds 
========================================================================
Received Import Request.
  Time since last request: 12.186267 seconds.
  path: Assets/Scripts/EnemyOnDestry.cs
  artifactKey: Guid(4468dd3b7f48bff47a5c3c7948ca40d9) Importer(815301076,1909f56bfc062723c751e8b465ee728b)
Start importing Assets/Scripts/EnemyOnDestry.cs using Guid(4468dd3b7f48bff47a5c3c7948ca40d9) Importer(815301076,1909f56bfc062723c751e8b465ee728b)  -> (artifact id: '060521b17b568abada9cb784d01bfff0') in 0.007543 seconds 
========================================================================
Received Import Request.
  Time since last request: 9.831361 seconds.
  path: Assets/Scripts/EnemyPatrol.cs
  artifactKey: Guid(3683a14420e62044e960edce14a5ee73) Importer(815301076,1909f56bfc062723c751e8b465ee728b)
Start importing Assets/Scripts/EnemyPatrol.cs using Guid(3683a14420e62044e960edce14a5ee73) Importer(815301076,1909f56bfc062723c751e8b465ee728b)  -> (artifact id: '71ac6019d188c7427b5ee88b0fe0e701') in 0.007509 seconds 
========================================================================
Received Prepare
Registering precompiled user dll's ...
Registered in 0.006962 seconds.
Begin MonoManager ReloadAssembly
Native extension for UWP target not found
Native extension for WindowsStandalone target not found
Native extension for WebGL target not found
Refreshing native plugins compatible for Editor in 0.57 ms, found 3 plugins.
Preloading 0 native plugins for Editor in 0.00 ms.
Mono: successfully reloaded assembly
- Completed reload, in  1.180 seconds
Domain Reload Profiling:
	ReloadAssembly (1181ms)
		BeginReloadAssembly (177ms)
			ExecutionOrderSort (0ms)
			DisableScriptedObjects (10ms)
			BackupInstance (0ms)
			ReleaseScriptingObjects (0ms)
			CreateAndSetChildDomain (50ms)
		EndReloadAssembly (858ms)
			LoadAssemblies (108ms)
			RebuildTransferFunctionScriptingTraits (0ms)
			SetupTypeCache (240ms)
			ReleaseScriptCaches (1ms)
			RebuildScriptCaches (49ms)
			SetupLoadedEditorAssemblies (406ms)
				LogAssemblyErrors (0ms)
				InitializePlatformSupportModulesInManaged (17ms)
				SetLoadedEditorAssemblies (1ms)
				RefreshPlugins (1ms)
				BeforeProcessingInitializeOnLoad (73ms)
				ProcessInitializeOnLoadAttributes (254ms)
				ProcessInitializeOnLoadMethodAttributes (48ms)
				AfterProcessingInitializeOnLoad (12ms)
				EditorAssembliesLoaded (0ms)
			ExecutionOrderSort2 (0ms)
			AwakeInstancesAfterBackupRestoration (10ms)
Platform modules already initialized, skipping
Refreshing native plugins compatible for Editor in 2.36 ms, found 3 plugins.
Preloading 0 native plugins for Editor in 0.00 ms.
Unloading 2438 Unused Serialized files (Serialized files now loaded: 0)
Unloading 21 unused Assets / (24.7 KB). Loaded Objects now: 2915.
Memory consumption went from 180.8 MB to 180.8 MB.
Total: 3.683400 ms (FindLiveObjects: 0.210400 ms CreateObjectMapping: 0.064500 ms MarkObjects: 3.375600 ms  DeleteObjects: 0.032000 ms)

AssetImportParameters requested are different than current active one (requested -> active):
  custom:video-decoder-ogg-theora: a1e56fd34408186e4bbccfd4996cb3dc -> 
  custom:container-muxer-webm: aa71ff27fc2769a1b78a27578f13a17b -> 
  custom:container-demuxer-webm: 4f35f7cbe854078d1ac9338744f61a02 -> 
  custom:video-encoder-webm-vp8: eb34c28f22e8b96e1ab97ce403110664 -> 
  custom:audio-encoder-webm-vorbis: bf7c407c2cedff20999df2af8eb42d56 -> 
  custom:framework-win-MediaFoundation: 216162199b28c13a410421893ffa2e32 -> 
  custom:container-demuxer-ogg: 62fdf1f143b41e24485cea50d1cbac27 -> 
  custom:video-decoder-webm-vp8: 9c59270c3fd7afecdb556c50c9e8de78 -> 
  custom:audio-decoder-ogg-vorbis: bf7c407c2cedff20999df2af8eb42d56 -> 
========================================================================
Received Import Request.
  Time since last request: 22.487382 seconds.
  path: Assets/Scripts/FirePoint.cs
  artifactKey: Guid(c634bc3f455ab424bb0a5694076d15d8) Importer(815301076,1909f56bfc062723c751e8b465ee728b)
Start importing Assets/Scripts/FirePoint.cs using Guid(c634bc3f455ab424bb0a5694076d15d8) Importer(815301076,1909f56bfc062723c751e8b465ee728b)  -> (artifact id: 'e940d31c48bd7fe370d8f3eb47b4eeac') in 0.011772 seconds 
========================================================================
Received Import Request.
  Time since last request: 1.479826 seconds.
  path: Assets/Scripts/NextScene.cs
  artifactKey: Guid(72690eb9ccbbd874e9b0d2bd954c3848) Importer(815301076,1909f56bfc062723c751e8b465ee728b)
Start importing Assets/Scripts/NextScene.cs using Guid(72690eb9ccbbd874e9b0d2bd954c3848) Importer(815301076,1909f56bfc062723c751e8b465ee728b)  -> (artifact id: '8bbfbb5c10cb3d9290afdb2e46cf23d6') in 0.006423 seconds 
========================================================================
Received Import Request.
  Time since last request: 10.902293 seconds.
  path: Assets/Scripts/hitter.cs
  artifactKey: Guid(009ee12789c8b5f4bb1c09215ea3c41e) Importer(815301076,1909f56bfc062723c751e8b465ee728b)
Start importing Assets/Scripts/hitter.cs using Guid(009ee12789c8b5f4bb1c09215ea3c41e) Importer(815301076,1909f56bfc062723c751e8b465ee728b)  -> (artifact id: 'd5718dc147f949f2556a331172932e91') in 0.006626 seconds 
========================================================================
Received Import Request.
  Time since last request: 5.915074 seconds.
  path: Assets/Scripts/PlayerHitter.cs
  artifactKey: Guid(5347ad1f743dbc342ab53a29a700f0cc) Importer(815301076,1909f56bfc062723c751e8b465ee728b)
Start importing Assets/Scripts/PlayerHitter.cs using Guid(5347ad1f743dbc342ab53a29a700f0cc) Importer(815301076,1909f56bfc062723c751e8b465ee728b)  -> (artifact id: '4a0bd92f8ed36f7396f540bfe9735fec') in 0.007136 seconds 
========================================================================
Received Import Request.
  Time since last request: 8.590358 seconds.
  path: Assets/Scripts/poop.cs
  artifactKey: Guid(8c3efcbbdce47d645b08040c812e1372) Importer(815301076,1909f56bfc062723c751e8b465ee728b)
Start importing Assets/Scripts/poop.cs using Guid(8c3efcbbdce47d645b08040c812e1372) Importer(815301076,1909f56bfc062723c751e8b465ee728b)  -> (artifact id: '91d142cb9ca5a251d069663cd9eb7073') in 0.007055 seconds 
========================================================================
Received Import Request.
  Time since last request: 28.189401 seconds.
  path: Assets/Scripts/tiggerer.cs
  artifactKey: Guid(178f847bac2ef5d45a5b9c80d96d8268) Importer(815301076,1909f56bfc062723c751e8b465ee728b)
Start importing Assets/Scripts/tiggerer.cs using Guid(178f847bac2ef5d45a5b9c80d96d8268) Importer(815301076,1909f56bfc062723c751e8b465ee728b)  -> (artifact id: 'c545ec530998c01b80f8ceeb17919dac') in 0.006481 seconds 
========================================================================
Received Import Request.
  Time since last request: 7.828788 seconds.
  path: Assets/Scripts/NewInputController.cs
  artifactKey: Guid(79a09754de3cf9c45801408426a1c9e6) Importer(815301076,1909f56bfc062723c751e8b465ee728b)
Start importing Assets/Scripts/NewInputController.cs using Guid(79a09754de3cf9c45801408426a1c9e6) Importer(815301076,1909f56bfc062723c751e8b465ee728b)  -> (artifact id: 'b3800813a13a59bbb1b88837ec16d103') in 0.007328 seconds 
========================================================================
Received Import Request.
  Time since last request: 70.079266 seconds.
  path: Assets/Scripts/NewInputController.cs
  artifactKey: Guid(79a09754de3cf9c45801408426a1c9e6) Importer(815301076,1909f56bfc062723c751e8b465ee728b)
Start importing Assets/Scripts/NewInputController.cs using Guid(79a09754de3cf9c45801408426a1c9e6) Importer(815301076,1909f56bfc062723c751e8b465ee728b)  -> (artifact id: 'b43e635f1e62bf6bf1e5cc01fc5b33dc') in 0.002426 seconds 
========================================================================
Received Prepare
Registering precompiled user dll's ...
Registered in 0.010225 seconds.
Begin MonoManager ReloadAssembly
Native extension for UWP target not found
Native extension for WindowsStandalone target not found
Native extension for WebGL target not found
Refreshing native plugins compatible for Editor in 0.58 ms, found 3 plugins.
Preloading 0 native plugins for Editor in 0.00 ms.
Mono: successfully reloaded assembly
- Completed reload, in  1.150 seconds
Domain Reload Profiling:
	ReloadAssembly (1150ms)
		BeginReloadAssembly (178ms)
			ExecutionOrderSort (0ms)
			DisableScriptedObjects (10ms)
			BackupInstance (0ms)
			ReleaseScriptingObjects (0ms)
			CreateAndSetChildDomain (57ms)
		EndReloadAssembly (842ms)
			LoadAssemblies (100ms)
			RebuildTransferFunctionScriptingTraits (0ms)
			SetupTypeCache (240ms)
			ReleaseScriptCaches (1ms)
			RebuildScriptCaches (49ms)
			SetupLoadedEditorAssemblies (402ms)
				LogAssemblyErrors (0ms)
				InitializePlatformSupportModulesInManaged (18ms)
				SetLoadedEditorAssemblies (1ms)
				RefreshPlugins (1ms)
				BeforeProcessingInitializeOnLoad (73ms)
				ProcessInitializeOnLoadAttributes (249ms)
				ProcessInitializeOnLoadMethodAttributes (52ms)
				AfterProcessingInitializeOnLoad (9ms)
				EditorAssembliesLoaded (0ms)
			ExecutionOrderSort2 (0ms)
			AwakeInstancesAfterBackupRestoration (10ms)
Platform modules already initialized, skipping
Refreshing native plugins compatible for Editor in 2.51 ms, found 3 plugins.
Preloading 0 native plugins for Editor in 0.00 ms.
Unloading 2438 Unused Serialized files (Serialized files now loaded: 0)
Unloading 20 unused Assets / (24.6 KB). Loaded Objects now: 2918.
Memory consumption went from 180.8 MB to 180.8 MB.
Total: 3.871300 ms (FindLiveObjects: 0.243800 ms CreateObjectMapping: 0.069000 ms MarkObjects: 3.527200 ms  DeleteObjects: 0.030100 ms)

AssetImportParameters requested are different than current active one (requested -> active):
  custom:video-decoder-ogg-theora: a1e56fd34408186e4bbccfd4996cb3dc -> 
  custom:container-muxer-webm: aa71ff27fc2769a1b78a27578f13a17b -> 
  custom:container-demuxer-webm: 4f35f7cbe854078d1ac9338744f61a02 -> 
  custom:video-encoder-webm-vp8: eb34c28f22e8b96e1ab97ce403110664 -> 
  custom:audio-encoder-webm-vorbis: bf7c407c2cedff20999df2af8eb42d56 -> 
  custom:framework-win-MediaFoundation: 216162199b28c13a410421893ffa2e32 -> 
  custom:container-demuxer-ogg: 62fdf1f143b41e24485cea50d1cbac27 -> 
  custom:video-decoder-webm-vp8: 9c59270c3fd7afecdb556c50c9e8de78 -> 
  custom:audio-decoder-ogg-vorbis: bf7c407c2cedff20999df2af8eb42d56 -> 
========================================================================
Received Prepare
Registering precompiled user dll's ...
Registered in 0.007212 seconds.
Begin MonoManager ReloadAssembly
Native extension for UWP target not found
Native extension for WindowsStandalone target not found
Native extension for WebGL target not found
Refreshing native plugins compatible for Editor in 0.73 ms, found 3 plugins.
Preloading 0 native plugins for Editor in 0.00 ms.
Mono: successfully reloaded assembly
- Completed reload, in  1.190 seconds
Domain Reload Profiling:
	ReloadAssembly (1191ms)
		BeginReloadAssembly (143ms)
			ExecutionOrderSort (0ms)
			DisableScriptedObjects (9ms)
			BackupInstance (0ms)
			ReleaseScriptingObjects (0ms)
			CreateAndSetChildDomain (36ms)
		EndReloadAssembly (913ms)
			LoadAssemblies (91ms)
			RebuildTransferFunctionScriptingTraits (0ms)
			SetupTypeCache (251ms)
			ReleaseScriptCaches (1ms)
			RebuildScriptCaches (53ms)
			SetupLoadedEditorAssemblies (439ms)
				LogAssemblyErrors (0ms)
				InitializePlatformSupportModulesInManaged (20ms)
				SetLoadedEditorAssemblies (1ms)
				RefreshPlugins (1ms)
				BeforeProcessingInitializeOnLoad (84ms)
				ProcessInitializeOnLoadAttributes (272ms)
				ProcessInitializeOnLoadMethodAttributes (52ms)
				AfterProcessingInitializeOnLoad (9ms)
				EditorAssembliesLoaded (0ms)
			ExecutionOrderSort2 (0ms)
			AwakeInstancesAfterBackupRestoration (10ms)
Platform modules already initialized, skipping
Refreshing native plugins compatible for Editor in 3.90 ms, found 3 plugins.
Preloading 0 native plugins for Editor in 0.00 ms.
Unloading 2438 Unused Serialized files (Serialized files now loaded: 0)
Unloading 20 unused Assets / (24.7 KB). Loaded Objects now: 2921.
Memory consumption went from 180.8 MB to 180.8 MB.
Total: 4.086500 ms (FindLiveObjects: 0.214500 ms CreateObjectMapping: 0.069300 ms MarkObjects: 3.774200 ms  DeleteObjects: 0.027100 ms)

AssetImportParameters requested are different than current active one (requested -> active):
  custom:video-decoder-ogg-theora: a1e56fd34408186e4bbccfd4996cb3dc -> 
  custom:container-muxer-webm: aa71ff27fc2769a1b78a27578f13a17b -> 
  custom:container-demuxer-webm: 4f35f7cbe854078d1ac9338744f61a02 -> 
  custom:video-encoder-webm-vp8: eb34c28f22e8b96e1ab97ce403110664 -> 
  custom:audio-encoder-webm-vorbis: bf7c407c2cedff20999df2af8eb42d56 -> 
  custom:framework-win-MediaFoundation: 216162199b28c13a410421893ffa2e32 -> 
  custom:container-demuxer-ogg: 62fdf1f143b41e24485cea50d1cbac27 -> 
  custom:video-decoder-webm-vp8: 9c59270c3fd7afecdb556c50c9e8de78 -> 
  custom:audio-decoder-ogg-vorbis: bf7c407c2cedff20999df2af8eb42d56 -> 
========================================================================
Received Import Request.
  Time since last request: 71.656511 seconds.
  path: Assets/Scripts/NewInputController.cs
  artifactKey: Guid(79a09754de3cf9c45801408426a1c9e6) Importer(815301076,1909f56bfc062723c751e8b465ee728b)
Start importing Assets/Scripts/NewInputController.cs using Guid(79a09754de3cf9c45801408426a1c9e6) Importer(815301076,1909f56bfc062723c751e8b465ee728b)  -> (artifact id: 'aed43adff91c0c716ae5ef79ba1eecb3') in 0.008150 seconds 
========================================================================
Received Prepare
Registering precompiled user dll's ...
Registered in 0.007964 seconds.
Begin MonoManager ReloadAssembly
Native extension for UWP target not found
Native extension for WindowsStandalone target not found
Native extension for WebGL target not found
Refreshing native plugins compatible for Editor in 0.94 ms, found 3 plugins.
Preloading 0 native plugins for Editor in 0.00 ms.
Mono: successfully reloaded assembly
- Completed reload, in  1.147 seconds
Domain Reload Profiling:
	ReloadAssembly (1148ms)
		BeginReloadAssembly (164ms)
			ExecutionOrderSort (0ms)
			DisableScriptedObjects (10ms)
			BackupInstance (0ms)
			ReleaseScriptingObjects (0ms)
			CreateAndSetChildDomain (41ms)
		EndReloadAssembly (856ms)
			LoadAssemblies (99ms)
			RebuildTransferFunctionScriptingTraits (0ms)
			SetupTypeCache (232ms)
			ReleaseScriptCaches (1ms)
			RebuildScriptCaches (49ms)
			SetupLoadedEditorAssemblies (419ms)
				LogAssemblyErrors (0ms)
				InitializePlatformSupportModulesInManaged (22ms)
				SetLoadedEditorAssemblies (1ms)
				RefreshPlugins (1ms)
				BeforeProcessingInitializeOnLoad (79ms)
				ProcessInitializeOnLoadAttributes (259ms)
				ProcessInitializeOnLoadMethodAttributes (48ms)
				AfterProcessingInitializeOnLoad (10ms)
				EditorAssembliesLoaded (0ms)
			ExecutionOrderSort2 (0ms)
			AwakeInstancesAfterBackupRestoration (10ms)
Platform modules already initialized, skipping
Refreshing native plugins compatible for Editor in 2.41 ms, found 3 plugins.
Preloading 0 native plugins for Editor in 0.00 ms.
Unloading 2438 Unused Serialized files (Serialized files now loaded: 0)
Unloading 20 unused Assets / (24.7 KB). Loaded Objects now: 2924.
Memory consumption went from 180.8 MB to 180.8 MB.
Total: 3.679700 ms (FindLiveObjects: 0.215000 ms CreateObjectMapping: 0.075800 ms MarkObjects: 3.365900 ms  DeleteObjects: 0.022000 ms)

AssetImportParameters requested are different than current active one (requested -> active):
  custom:video-decoder-ogg-theora: a1e56fd34408186e4bbccfd4996cb3dc -> 
  custom:container-muxer-webm: aa71ff27fc2769a1b78a27578f13a17b -> 
  custom:container-demuxer-webm: 4f35f7cbe854078d1ac9338744f61a02 -> 
  custom:video-encoder-webm-vp8: eb34c28f22e8b96e1ab97ce403110664 -> 
  custom:audio-encoder-webm-vorbis: bf7c407c2cedff20999df2af8eb42d56 -> 
  custom:framework-win-MediaFoundation: 216162199b28c13a410421893ffa2e32 -> 
  custom:container-demuxer-ogg: 62fdf1f143b41e24485cea50d1cbac27 -> 
  custom:video-decoder-webm-vp8: 9c59270c3fd7afecdb556c50c9e8de78 -> 
  custom:audio-decoder-ogg-vorbis: bf7c407c2cedff20999df2af8eb42d56 -> 
========================================================================
Received Import Request.
  Time since last request: 185.278755 seconds.
  path: Assets/Sounds/error_3.wav
  artifactKey: Guid(32a4552428afb3849ab59588c17013d2) Importer(815301076,1909f56bfc062723c751e8b465ee728b)
Start importing Assets/Sounds/error_3.wav using Guid(32a4552428afb3849ab59588c17013d2) Importer(815301076,1909f56bfc062723c751e8b465ee728b)  -> (artifact id: '264e60be7d421c627465701ae4806bd5') in 0.146591 seconds 
========================================================================
Received Import Request.
  Time since last request: 0.000024 seconds.
  path: Assets/Sounds/Explosion.prefab
  artifactKey: Guid(a657630f31c934142a82ffafd1c8dad2) Importer(815301076,1909f56bfc062723c751e8b465ee728b)
Start importing Assets/Sounds/Explosion.prefab using Guid(a657630f31c934142a82ffafd1c8dad2) Importer(815301076,1909f56bfc062723c751e8b465ee728b)  -> (artifact id: '313a0ffb39ebdf612403bb996ca83bcf') in 0.049718 seconds 
========================================================================
Received Import Request.
  Time since last request: 0.000033 seconds.
  path: Assets/Sounds/Random10.ogg
  artifactKey: Guid(39d8a6bd16981ab45beca60fe8599f7c) Importer(815301076,1909f56bfc062723c751e8b465ee728b)
Start importing Assets/Sounds/Random10.ogg using Guid(39d8a6bd16981ab45beca60fe8599f7c) Importer(815301076,1909f56bfc062723c751e8b465ee728b)  -> (artifact id: '907e80515448bbbba57c34e792ef0b64') in 0.020275 seconds 
Editor requested this worker to shutdown with reason: Scaling down because of idle timeout
AssetImportWorker is now disconnected from the server
Process exiting
Exiting without the bug reporter. Application will terminate with return code 0